<?xml version="1.0" encoding="UTF-8"?>
<testng-results ignored="0" total="1" passed="1" failed="0" skipped="0">
  <reporter-output>
  </reporter-output>
  <suite started-at="2023-10-23T16:04:11 IST" name="Default suite" finished-at="2023-10-23T16:05:10 IST" duration-ms="59481">
    <groups>
    </groups>
    <test started-at="2023-10-23T16:04:11 IST" name="Default test" finished-at="2023-10-23T16:05:10 IST" duration-ms="59481">
      <class name="testCases.TC10_VerifySubscription">
        <test-method is-config="true" signature="SetUp()[pri:0, instance:testCases.TC10_VerifySubscription@206a70ef]" started-at="2023-10-23T16:04:11 IST" name="SetUp" finished-at="2023-10-23T16:05:09 IST" duration-ms="58204" status="PASS">
          <reporter-output>
          </reporter-output>
        </test-method> <!-- SetUp -->
        <test-method signature="VerifySubscription()[pri:0, instance:testCases.TC10_VerifySubscription@206a70ef]" started-at="2023-10-23T16:05:09 IST" name="VerifySubscription" finished-at="2023-10-23T16:05:10 IST" duration-ms="1181" status="PASS">
          <reporter-output>
          </reporter-output>
        </test-method> <!-- VerifySubscription -->
      </class> <!-- testCases.TC10_VerifySubscription -->
    </test> <!-- Default test -->
  </suite> <!-- Default suite -->
</testng-results>
